#! /usr/bin/vvp
:ivl_version "11.0 (stable)";
:ivl_delay_selection "TYPICAL";
:vpi_time_precision - 12;
:vpi_module "/usr/lib/x86_64-linux-gnu/ivl/system.vpi";
:vpi_module "/usr/lib/x86_64-linux-gnu/ivl/vhdl_sys.vpi";
:vpi_module "/usr/lib/x86_64-linux-gnu/ivl/vhdl_textio.vpi";
:vpi_module "/usr/lib/x86_64-linux-gnu/ivl/v2005_math.vpi";
:vpi_module "/usr/lib/x86_64-linux-gnu/ivl/va_math.vpi";
S_0x5ef7f5613cc0 .scope module, "tb_udru" "tb_udru" 2 3;
 .timescale -9 -12;
v0x5ef7f5635d40_0 .var "data_in", 7 0;
v0x5ef7f5635e70_0 .net "decoded_out", 7 0, v0x5ef7f5634410_0;  1 drivers
v0x5ef7f5635f80_0 .net "demux_out", 7 0, v0x5ef7f56348a0_0;  1 drivers
v0x5ef7f5636070_0 .var "dest_sel", 2 0;
v0x5ef7f5636130_0 .net "encoded_req", 2 0, v0x5ef7f5634ce0_0;  1 drivers
v0x5ef7f5636240_0 .net "mux_out", 0 0, L_0x5ef7f56363d0;  1 drivers
v0x5ef7f56362e0_0 .var "req", 7 0;
S_0x5ef7f5613e50 .scope module, "uut" "universal_data_router" 2 14, 3 3 0, S_0x5ef7f5613cc0;
 .timescale -9 -12;
    .port_info 0 /INPUT 8 "req";
    .port_info 1 /INPUT 8 "data_in";
    .port_info 2 /INPUT 3 "dest_sel";
    .port_info 3 /OUTPUT 3 "encoded_req";
    .port_info 4 /OUTPUT 1 "mux_out";
    .port_info 5 /OUTPUT 8 "demux_out";
    .port_info 6 /OUTPUT 8 "decoded_out";
L_0x5ef7f56363d0 .functor BUFZ 1, v0x5ef7f56352d0_0, C4<0>, C4<0>, C4<0>;
v0x5ef7f56354e0_0 .net "data_in", 7 0, v0x5ef7f5635d40_0;  1 drivers
v0x5ef7f56355d0_0 .net "decoded_out", 7 0, v0x5ef7f5634410_0;  alias, 1 drivers
v0x5ef7f56356a0_0 .net "demux_out", 7 0, v0x5ef7f56348a0_0;  alias, 1 drivers
v0x5ef7f56357a0_0 .net "dest_sel", 2 0, v0x5ef7f5636070_0;  1 drivers
v0x5ef7f5635890_0 .net "encoded_req", 2 0, v0x5ef7f5634ce0_0;  alias, 1 drivers
v0x5ef7f56359d0_0 .net "mux_out", 0 0, L_0x5ef7f56363d0;  alias, 1 drivers
v0x5ef7f5635a90_0 .net "mux_wire", 0 0, v0x5ef7f56352d0_0;  1 drivers
v0x5ef7f5635b80_0 .net "req", 7 0, v0x5ef7f56362e0_0;  1 drivers
S_0x5ef7f5610a30 .scope module, "dec" "decoder3to8" 3 32, 3 99 0, S_0x5ef7f5613e50;
 .timescale -9 -12;
    .port_info 0 /INPUT 3 "in";
    .port_info 1 /OUTPUT 8 "out";
v0x5ef7f56140e0_0 .net "in", 2 0, v0x5ef7f5636070_0;  alias, 1 drivers
v0x5ef7f5634410_0 .var "out", 7 0;
E_0x5ef7f55f39f0 .event edge, v0x5ef7f56140e0_0;
S_0x5ef7f5634550 .scope module, "demux" "demux1to8" 3 26, 3 79 0, S_0x5ef7f5613e50;
 .timescale -9 -12;
    .port_info 0 /INPUT 1 "in";
    .port_info 1 /INPUT 3 "sel";
    .port_info 2 /OUTPUT 8 "out";
v0x5ef7f56347c0_0 .net "in", 0 0, v0x5ef7f56352d0_0;  alias, 1 drivers
v0x5ef7f56348a0_0 .var "out", 7 0;
v0x5ef7f5634980_0 .net "sel", 2 0, v0x5ef7f5636070_0;  alias, 1 drivers
E_0x5ef7f5600860 .event edge, v0x5ef7f56140e0_0, v0x5ef7f56347c0_0;
S_0x5ef7f5634ab0 .scope module, "enc" "Priority_encoder" 3 15, 3 41 0, S_0x5ef7f5613e50;
 .timescale -9 -12;
    .port_info 0 /INPUT 8 "req";
    .port_info 1 /OUTPUT 3 "out";
v0x5ef7f5634ce0_0 .var "out", 2 0;
v0x5ef7f5634de0_0 .net "req", 7 0, v0x5ef7f56362e0_0;  alias, 1 drivers
E_0x5ef7f5601a30 .event edge, v0x5ef7f5634de0_0;
S_0x5ef7f5634f20 .scope module, "mux" "mux8to1" 3 20, 3 60 0, S_0x5ef7f5613e50;
 .timescale -9 -12;
    .port_info 0 /INPUT 8 "in";
    .port_info 1 /INPUT 3 "sel";
    .port_info 2 /OUTPUT 1 "out";
v0x5ef7f56351d0_0 .net "in", 7 0, v0x5ef7f5635d40_0;  alias, 1 drivers
v0x5ef7f56352d0_0 .var "out", 0 0;
v0x5ef7f56353c0_0 .net "sel", 2 0, v0x5ef7f5634ce0_0;  alias, 1 drivers
E_0x5ef7f5635150 .event edge, v0x5ef7f5634ce0_0, v0x5ef7f56351d0_0;
    .scope S_0x5ef7f5634ab0;
T_0 ;
    %wait E_0x5ef7f5601a30;
    %load/vec4 v0x5ef7f5634de0_0;
    %dup/vec4;
    %pushi/vec4 255, 127, 8;
    %cmp/x;
    %jmp/1 T_0.0, 4;
    %dup/vec4;
    %pushi/vec4 127, 63, 8;
    %cmp/x;
    %jmp/1 T_0.1, 4;
    %dup/vec4;
    %pushi/vec4 63, 31, 8;
    %cmp/x;
    %jmp/1 T_0.2, 4;
    %dup/vec4;
    %pushi/vec4 31, 15, 8;
    %cmp/x;
    %jmp/1 T_0.3, 4;
    %dup/vec4;
    %pushi/vec4 15, 7, 8;
    %cmp/x;
    %jmp/1 T_0.4, 4;
    %dup/vec4;
    %pushi/vec4 7, 3, 8;
    %cmp/x;
    %jmp/1 T_0.5, 4;
    %dup/vec4;
    %pushi/vec4 3, 1, 8;
    %cmp/x;
    %jmp/1 T_0.6, 4;
    %dup/vec4;
    %pushi/vec4 1, 0, 8;
    %cmp/x;
    %jmp/1 T_0.7, 4;
    %pushi/vec4 0, 0, 3;
    %store/vec4 v0x5ef7f5634ce0_0, 0, 3;
    %jmp T_0.9;
T_0.0 ;
    %pushi/vec4 7, 0, 3;
    %store/vec4 v0x5ef7f5634ce0_0, 0, 3;
    %jmp T_0.9;
T_0.1 ;
    %pushi/vec4 6, 0, 3;
    %store/vec4 v0x5ef7f5634ce0_0, 0, 3;
    %jmp T_0.9;
T_0.2 ;
    %pushi/vec4 5, 0, 3;
    %store/vec4 v0x5ef7f5634ce0_0, 0, 3;
    %jmp T_0.9;
T_0.3 ;
    %pushi/vec4 4, 0, 3;
    %store/vec4 v0x5ef7f5634ce0_0, 0, 3;
    %jmp T_0.9;
T_0.4 ;
    %pushi/vec4 3, 0, 3;
    %store/vec4 v0x5ef7f5634ce0_0, 0, 3;
    %jmp T_0.9;
T_0.5 ;
    %pushi/vec4 2, 0, 3;
    %store/vec4 v0x5ef7f5634ce0_0, 0, 3;
    %jmp T_0.9;
T_0.6 ;
    %pushi/vec4 1, 0, 3;
    %store/vec4 v0x5ef7f5634ce0_0, 0, 3;
    %jmp T_0.9;
T_0.7 ;
    %pushi/vec4 0, 0, 3;
    %store/vec4 v0x5ef7f5634ce0_0, 0, 3;
    %jmp T_0.9;
T_0.9 ;
    %pop/vec4 1;
    %jmp T_0;
    .thread T_0, $push;
    .scope S_0x5ef7f5634f20;
T_1 ;
    %wait E_0x5ef7f5635150;
    %load/vec4 v0x5ef7f56353c0_0;
    %dup/vec4;
    %pushi/vec4 0, 0, 3;
    %cmp/u;
    %jmp/1 T_1.0, 6;
    %dup/vec4;
    %pushi/vec4 1, 0, 3;
    %cmp/u;
    %jmp/1 T_1.1, 6;
    %dup/vec4;
    %pushi/vec4 2, 0, 3;
    %cmp/u;
    %jmp/1 T_1.2, 6;
    %dup/vec4;
    %pushi/vec4 3, 0, 3;
    %cmp/u;
    %jmp/1 T_1.3, 6;
    %dup/vec4;
    %pushi/vec4 4, 0, 3;
    %cmp/u;
    %jmp/1 T_1.4, 6;
    %dup/vec4;
    %pushi/vec4 5, 0, 3;
    %cmp/u;
    %jmp/1 T_1.5, 6;
    %dup/vec4;
    %pushi/vec4 6, 0, 3;
    %cmp/u;
    %jmp/1 T_1.6, 6;
    %dup/vec4;
    %pushi/vec4 7, 0, 3;
    %cmp/u;
    %jmp/1 T_1.7, 6;
    %jmp T_1.8;
T_1.0 ;
    %load/vec4 v0x5ef7f56351d0_0;
    %parti/s 1, 0, 2;
    %store/vec4 v0x5ef7f56352d0_0, 0, 1;
    %jmp T_1.8;
T_1.1 ;
    %load/vec4 v0x5ef7f56351d0_0;
    %parti/s 1, 1, 2;
    %store/vec4 v0x5ef7f56352d0_0, 0, 1;
    %jmp T_1.8;
T_1.2 ;
    %load/vec4 v0x5ef7f56351d0_0;
    %parti/s 1, 2, 3;
    %store/vec4 v0x5ef7f56352d0_0, 0, 1;
    %jmp T_1.8;
T_1.3 ;
    %load/vec4 v0x5ef7f56351d0_0;
    %parti/s 1, 3, 3;
    %store/vec4 v0x5ef7f56352d0_0, 0, 1;
    %jmp T_1.8;
T_1.4 ;
    %load/vec4 v0x5ef7f56351d0_0;
    %parti/s 1, 4, 4;
    %store/vec4 v0x5ef7f56352d0_0, 0, 1;
    %jmp T_1.8;
T_1.5 ;
    %load/vec4 v0x5ef7f56351d0_0;
    %parti/s 1, 5, 4;
    %store/vec4 v0x5ef7f56352d0_0, 0, 1;
    %jmp T_1.8;
T_1.6 ;
    %load/vec4 v0x5ef7f56351d0_0;
    %parti/s 1, 6, 4;
    %store/vec4 v0x5ef7f56352d0_0, 0, 1;
    %jmp T_1.8;
T_1.7 ;
    %load/vec4 v0x5ef7f56351d0_0;
    %parti/s 1, 7, 4;
    %store/vec4 v0x5ef7f56352d0_0, 0, 1;
    %jmp T_1.8;
T_1.8 ;
    %pop/vec4 1;
    %jmp T_1;
    .thread T_1, $push;
    .scope S_0x5ef7f5634550;
T_2 ;
    %wait E_0x5ef7f5600860;
    %pushi/vec4 0, 0, 8;
    %store/vec4 v0x5ef7f56348a0_0, 0, 8;
    %load/vec4 v0x5ef7f5634980_0;
    %dup/vec4;
    %pushi/vec4 0, 0, 3;
    %cmp/u;
    %jmp/1 T_2.0, 6;
    %dup/vec4;
    %pushi/vec4 1, 0, 3;
    %cmp/u;
    %jmp/1 T_2.1, 6;
    %dup/vec4;
    %pushi/vec4 2, 0, 3;
    %cmp/u;
    %jmp/1 T_2.2, 6;
    %dup/vec4;
    %pushi/vec4 3, 0, 3;
    %cmp/u;
    %jmp/1 T_2.3, 6;
    %dup/vec4;
    %pushi/vec4 4, 0, 3;
    %cmp/u;
    %jmp/1 T_2.4, 6;
    %dup/vec4;
    %pushi/vec4 5, 0, 3;
    %cmp/u;
    %jmp/1 T_2.5, 6;
    %dup/vec4;
    %pushi/vec4 6, 0, 3;
    %cmp/u;
    %jmp/1 T_2.6, 6;
    %dup/vec4;
    %pushi/vec4 7, 0, 3;
    %cmp/u;
    %jmp/1 T_2.7, 6;
    %jmp T_2.8;
T_2.0 ;
    %load/vec4 v0x5ef7f56347c0_0;
    %ix/load 4, 0, 0;
    %flag_set/imm 4, 0;
    %store/vec4 v0x5ef7f56348a0_0, 4, 1;
    %jmp T_2.8;
T_2.1 ;
    %load/vec4 v0x5ef7f56347c0_0;
    %ix/load 4, 1, 0;
    %flag_set/imm 4, 0;
    %store/vec4 v0x5ef7f56348a0_0, 4, 1;
    %jmp T_2.8;
T_2.2 ;
    %load/vec4 v0x5ef7f56347c0_0;
    %ix/load 4, 2, 0;
    %flag_set/imm 4, 0;
    %store/vec4 v0x5ef7f56348a0_0, 4, 1;
    %jmp T_2.8;
T_2.3 ;
    %load/vec4 v0x5ef7f56347c0_0;
    %ix/load 4, 3, 0;
    %flag_set/imm 4, 0;
    %store/vec4 v0x5ef7f56348a0_0, 4, 1;
    %jmp T_2.8;
T_2.4 ;
    %load/vec4 v0x5ef7f56347c0_0;
    %ix/load 4, 4, 0;
    %flag_set/imm 4, 0;
    %store/vec4 v0x5ef7f56348a0_0, 4, 1;
    %jmp T_2.8;
T_2.5 ;
    %load/vec4 v0x5ef7f56347c0_0;
    %ix/load 4, 5, 0;
    %flag_set/imm 4, 0;
    %store/vec4 v0x5ef7f56348a0_0, 4, 1;
    %jmp T_2.8;
T_2.6 ;
    %load/vec4 v0x5ef7f56347c0_0;
    %ix/load 4, 6, 0;
    %flag_set/imm 4, 0;
    %store/vec4 v0x5ef7f56348a0_0, 4, 1;
    %jmp T_2.8;
T_2.7 ;
    %load/vec4 v0x5ef7f56347c0_0;
    %ix/load 4, 7, 0;
    %flag_set/imm 4, 0;
    %store/vec4 v0x5ef7f56348a0_0, 4, 1;
    %jmp T_2.8;
T_2.8 ;
    %pop/vec4 1;
    %jmp T_2;
    .thread T_2, $push;
    .scope S_0x5ef7f5610a30;
T_3 ;
    %wait E_0x5ef7f55f39f0;
    %pushi/vec4 0, 0, 8;
    %store/vec4 v0x5ef7f5634410_0, 0, 8;
    %load/vec4 v0x5ef7f56140e0_0;
    %dup/vec4;
    %pushi/vec4 0, 0, 3;
    %cmp/u;
    %jmp/1 T_3.0, 6;
    %dup/vec4;
    %pushi/vec4 1, 0, 3;
    %cmp/u;
    %jmp/1 T_3.1, 6;
    %dup/vec4;
    %pushi/vec4 2, 0, 3;
    %cmp/u;
    %jmp/1 T_3.2, 6;
    %dup/vec4;
    %pushi/vec4 3, 0, 3;
    %cmp/u;
    %jmp/1 T_3.3, 6;
    %dup/vec4;
    %pushi/vec4 4, 0, 3;
    %cmp/u;
    %jmp/1 T_3.4, 6;
    %dup/vec4;
    %pushi/vec4 5, 0, 3;
    %cmp/u;
    %jmp/1 T_3.5, 6;
    %dup/vec4;
    %pushi/vec4 6, 0, 3;
    %cmp/u;
    %jmp/1 T_3.6, 6;
    %dup/vec4;
    %pushi/vec4 7, 0, 3;
    %cmp/u;
    %jmp/1 T_3.7, 6;
    %jmp T_3.8;
T_3.0 ;
    %pushi/vec4 1, 0, 1;
    %ix/load 4, 0, 0;
    %flag_set/imm 4, 0;
    %store/vec4 v0x5ef7f5634410_0, 4, 1;
    %jmp T_3.8;
T_3.1 ;
    %pushi/vec4 1, 0, 1;
    %ix/load 4, 1, 0;
    %flag_set/imm 4, 0;
    %store/vec4 v0x5ef7f5634410_0, 4, 1;
    %jmp T_3.8;
T_3.2 ;
    %pushi/vec4 1, 0, 1;
    %ix/load 4, 2, 0;
    %flag_set/imm 4, 0;
    %store/vec4 v0x5ef7f5634410_0, 4, 1;
    %jmp T_3.8;
T_3.3 ;
    %pushi/vec4 1, 0, 1;
    %ix/load 4, 3, 0;
    %flag_set/imm 4, 0;
    %store/vec4 v0x5ef7f5634410_0, 4, 1;
    %jmp T_3.8;
T_3.4 ;
    %pushi/vec4 1, 0, 1;
    %ix/load 4, 4, 0;
    %flag_set/imm 4, 0;
    %store/vec4 v0x5ef7f5634410_0, 4, 1;
    %jmp T_3.8;
T_3.5 ;
    %pushi/vec4 1, 0, 1;
    %ix/load 4, 5, 0;
    %flag_set/imm 4, 0;
    %store/vec4 v0x5ef7f5634410_0, 4, 1;
    %jmp T_3.8;
T_3.6 ;
    %pushi/vec4 1, 0, 1;
    %ix/load 4, 6, 0;
    %flag_set/imm 4, 0;
    %store/vec4 v0x5ef7f5634410_0, 4, 1;
    %jmp T_3.8;
T_3.7 ;
    %pushi/vec4 1, 0, 1;
    %ix/load 4, 7, 0;
    %flag_set/imm 4, 0;
    %store/vec4 v0x5ef7f5634410_0, 4, 1;
    %jmp T_3.8;
T_3.8 ;
    %pop/vec4 1;
    %jmp T_3;
    .thread T_3, $push;
    .scope S_0x5ef7f5613cc0;
T_4 ;
    %vpi_call 2 25 "$display", "Starting Universal Data Router Testbench" {0 0 0};
    %vpi_call 2 26 "$dumpfile", "tb_urdu.vcd" {0 0 0};
    %vpi_call 2 27 "$dumpvars", 32'sb00000000000000000000000000000000, S_0x5ef7f5613cc0 {0 0 0};
    %vpi_call 2 28 "$display", "Time\011req\011data\011dest\011enc\011mux\011demux\011decoded" {0 0 0};
    %pushi/vec4 0, 0, 8;
    %store/vec4 v0x5ef7f56362e0_0, 0, 8;
    %pushi/vec4 170, 0, 8;
    %store/vec4 v0x5ef7f5635d40_0, 0, 8;
    %pushi/vec4 0, 0, 3;
    %store/vec4 v0x5ef7f5636070_0, 0, 3;
    %delay 10000, 0;
    %pushi/vec4 16, 0, 8;
    %store/vec4 v0x5ef7f56362e0_0, 0, 8;
    %pushi/vec4 3, 0, 3;
    %store/vec4 v0x5ef7f5636070_0, 0, 3;
    %delay 10000, 0;
    %pushi/vec4 64, 0, 8;
    %store/vec4 v0x5ef7f56362e0_0, 0, 8;
    %pushi/vec4 5, 0, 3;
    %store/vec4 v0x5ef7f5636070_0, 0, 3;
    %delay 10000, 0;
    %pushi/vec4 1, 0, 8;
    %store/vec4 v0x5ef7f56362e0_0, 0, 8;
    %pushi/vec4 7, 0, 3;
    %store/vec4 v0x5ef7f5636070_0, 0, 3;
    %delay 10000, 0;
    %pushi/vec4 128, 0, 8;
    %store/vec4 v0x5ef7f56362e0_0, 0, 8;
    %pushi/vec4 2, 0, 3;
    %store/vec4 v0x5ef7f5636070_0, 0, 3;
    %delay 10000, 0;
    %vpi_call 2 45 "$finish" {0 0 0};
    %end;
    .thread T_4;
    .scope S_0x5ef7f5613cc0;
T_5 ;
    %vpi_call 2 49 "$monitor", "%0t\011%b\011%b\011%d\011%d\011%b\011%b\011%b", $time, v0x5ef7f56362e0_0, v0x5ef7f5635d40_0, v0x5ef7f5636070_0, v0x5ef7f5636130_0, v0x5ef7f5636240_0, v0x5ef7f5635f80_0, v0x5ef7f5635e70_0 {0 0 0};
    %end;
    .thread T_5;
# The file index is used to find the file name in the following table.
:file_names 4;
    "N/A";
    "<interactive>";
    "tb_urdu.v";
    "universal_data_router.v";
